  main.cpp
C:\Users\mikol\Desktop\effective-programming-techniques\L04-rewrite\parser.h(18,58): warning C4267: "return": konwersja z "size_t" do "int", możliwa utrata danych
C:\Users\mikol\Desktop\effective-programming-techniques\L04-rewrite\parser.h(18,6): message : podczas kompilowania funkcji składowej „int Node<T>::iGetChildrenCount(void)” klasy klasa szablon
          with
          [
              T=double
          ]
C:\Users\mikol\Desktop\effective-programming-techniques\L04-rewrite\parser.h(101,2): message : zobacz pierwsze odwołanie do elementu „Node<T>::iGetChildrenCount” w „toStringAux”
          with
          [
              T=double
          ]
C:\Users\mikol\Desktop\effective-programming-techniques\L04-rewrite\parser.h(112,1): message : zobacz odwołanie do kompilowanego tworzenia wystąpienia „Node<T>” klasy klasa szablon
          with
          [
              T=double
          ]
C:\Users\mikol\Desktop\effective-programming-techniques\L04-rewrite\parser.h(111,33): message : podczas kompilowania funkcji składowej „std::string Tree<double>::toString(void)” klasy klasa szablon
C:\Users\mikol\Desktop\effective-programming-techniques\L04-rewrite\tests.h(111,41): message : zobacz pierwsze odwołanie do elementu „Tree<double>::toString” w „testParsing”
C:\Users\mikol\Desktop\effective-programming-techniques\L04-rewrite\tests.h(111,21): message : zobacz odwołanie do kompilowanego tworzenia wystąpienia „Tree<double>” klasy klasa szablon
  L04-rewrite.vcxproj -> C:\Users\mikol\Desktop\effective-programming-techniques\L04-rewrite\x64\Debug\L04-rewrite.exe
