  Parser.cpp
C:\Program Files\Microsoft Visual Studio\2022\Community\VC\Tools\MSVC\14.37.32822\include\xmemory(548,45): error C2838: „value_type”: niedozwolona kwalifikowana nazwa w deklaracji składowej
C:\Program Files\Microsoft Visual Studio\2022\Community\VC\Tools\MSVC\14.37.32822\include\xmemory(742,27): message : zobacz odwołanie do kompilowanego tworzenia wystąpienia „std::_Normal_allocator_traits<_Alloc>” klasy klasa szablon
          with
          [
              _Alloc=data_type
          ]
C:\Program Files\Microsoft Visual Studio\2022\Community\VC\Tools\MSVC\14.37.32822\include\vector(444,50): message : zobacz odwołanie do kompilowanego tworzenia wystąpienia „std::allocator_traits<_Alloc>” klasy klasa szablon
          with
          [
              _Alloc=data_type
          ]
C:\Program Files\Microsoft Visual Studio\2022\Community\VC\Tools\MSVC\14.37.32822\include\vector(444,26): message : zobacz odwołanie do kompilowanego tworzenia wystąpienia „std::_Rebind_alloc_t<_Alloc,_Ty>” klasy alias szablon
          with
          [
              _Alloc=data_type,
              _Ty=std::string
          ]
C:\Users\mikol\Desktop\effective_programming_techniques\L03\Parser.h(20,38): message : zobacz odwołanie do kompilowanego tworzenia wystąpienia „std::vector<std::string,data_type>” klasy klasa szablon
C:\Program Files\Microsoft Visual Studio\2022\Community\VC\Tools\MSVC\14.37.32822\include\xmemory(548,45): error C2061: błąd składniowy: identyfikator „value_type”
C:\Program Files\Microsoft Visual Studio\2022\Community\VC\Tools\MSVC\14.37.32822\include\xmemory(342,32): error C2838: „value_type”: niedozwolona kwalifikowana nazwa w deklaracji składowej
C:\Program Files\Microsoft Visual Studio\2022\Community\VC\Tools\MSVC\14.37.32822\include\xmemory(550,1): message : zobacz odwołanie do kompilowanego tworzenia wystąpienia „std::_Get_pointer_type<_Alloc,void>” klasy klasa szablon
          with
          [
              _Alloc=data_type
          ]
C:\Program Files\Microsoft Visual Studio\2022\Community\VC\Tools\MSVC\14.37.32822\include\xmemory(342,32): error C2061: błąd składniowy: identyfikator „value_type”
C:\Program Files\Microsoft Visual Studio\2022\Community\VC\Tools\MSVC\14.37.32822\include\xmemory(550,68): error C2039: „type”: nie jest składową elementu „std::_Get_pointer_type<_Alloc,void>”
          with
          [
              _Alloc=data_type
          ]
C:\Program Files\Microsoft Visual Studio\2022\Community\VC\Tools\MSVC\14.37.32822\include\xmemory(550,41): message : zobacz deklarację „std::_Get_pointer_type<_Alloc,void>”
          with
          [
              _Alloc=data_type
          ]
C:\Program Files\Microsoft Visual Studio\2022\Community\VC\Tools\MSVC\14.37.32822\include\xmemory(550,68): error C2061: błąd składniowy: identyfikator „type”
C:\Program Files\Microsoft Visual Studio\2022\Community\VC\Tools\MSVC\14.37.32822\include\xmemory(354,53): error C2039: „type”: nie jest składową elementu „std::_Get_pointer_type<_Alloc,void>”
          with
          [
              _Alloc=data_type
          ]
C:\Program Files\Microsoft Visual Studio\2022\Community\VC\Tools\MSVC\14.37.32822\include\xmemory(550,41): message : zobacz deklarację „std::_Get_pointer_type<_Alloc,void>”
          with
          [
              _Alloc=data_type
          ]
C:\Program Files\Microsoft Visual Studio\2022\Community\VC\Tools\MSVC\14.37.32822\include\xmemory(551,1): message : zobacz odwołanie do kompilowanego tworzenia wystąpienia „std::_Get_const_pointer_type<_Alloc,void>” klasy klasa szablon
          with
          [
              _Alloc=data_type
          ]
C:\Program Files\Microsoft Visual Studio\2022\Community\VC\Tools\MSVC\14.37.32822\include\xmemory(354,53): error C2061: błąd składniowy: identyfikator „type”
C:\Program Files\Microsoft Visual Studio\2022\Community\VC\Tools\MSVC\14.37.32822\include\xmemory(355,34): error C2838: „value_type”: niedozwolona kwalifikowana nazwa w deklaracji składowej
C:\Program Files\Microsoft Visual Studio\2022\Community\VC\Tools\MSVC\14.37.32822\include\xmemory(355,34): error C2061: błąd składniowy: identyfikator „value_type”
C:\Program Files\Microsoft Visual Studio\2022\Community\VC\Tools\MSVC\14.37.32822\include\xmemory(356,44): error C2065: "_Ptrty": niezadeklarowany identyfikator
C:\Program Files\Microsoft Visual Studio\2022\Community\VC\Tools\MSVC\14.37.32822\include\xmemory(356,29): error C2923: „std::pointer_traits”: „_Ptrty” nie jest prawidłowym argumentem typu szablon dla parametru „_Ty”
C:\Program Files\Microsoft Visual Studio\2022\Community\VC\Tools\MSVC\14.37.32822\include\xmemory(356,44): message : zobacz deklarację „_Ptrty”
C:\Program Files\Microsoft Visual Studio\2022\Community\VC\Tools\MSVC\14.37.32822\include\xmemory(356,75): error C2065: "_Valty": niezadeklarowany identyfikator
C:\Program Files\Microsoft Visual Studio\2022\Community\VC\Tools\MSVC\14.37.32822\include\xmemory(356,1): error C4430: brak specyfikatora typu - założono, że int. Uwaga: C++ nie obsługuje domyślnie typu int
C:\Program Files\Microsoft Visual Studio\2022\Community\VC\Tools\MSVC\14.37.32822\include\xmemory(356,75): error C2146: błąd składniowy: brakuje „>” przed identyfikatorem „_Valty”
C:\Program Files\Microsoft Visual Studio\2022\Community\VC\Tools\MSVC\14.37.32822\include\xmemory(368,53): error C2039: „type”: nie jest składową elementu „std::_Get_pointer_type<_Alloc,void>”
          with
          [
              _Alloc=data_type
          ]
C:\Program Files\Microsoft Visual Studio\2022\Community\VC\Tools\MSVC\14.37.32822\include\xmemory(550,41): message : zobacz deklarację „std::_Get_pointer_type<_Alloc,void>”
          with
          [
              _Alloc=data_type
          ]
C:\Program Files\Microsoft Visual Studio\2022\Community\VC\Tools\MSVC\14.37.32822\include\xmemory(552,1): message : zobacz odwołanie do kompilowanego tworzenia wystąpienia „std::_Get_void_pointer_type<_Alloc,void>” klasy klasa szablon
          with
          [
              _Alloc=data_type
          ]
C:\Program Files\Microsoft Visual Studio\2022\Community\VC\Tools\MSVC\14.37.32822\include\xmemory(368,53): error C2061: błąd składniowy: identyfikator „type”
C:\Program Files\Microsoft Visual Studio\2022\Community\VC\Tools\MSVC\14.37.32822\include\xmemory(369,44): error C2065: "_Ptrty": niezadeklarowany identyfikator
C:\Program Files\Microsoft Visual Studio\2022\Community\VC\Tools\MSVC\14.37.32822\include\xmemory(369,29): error C2923: „std::pointer_traits”: „_Ptrty” nie jest prawidłowym argumentem typu szablon dla parametru „_Ty”
C:\Program Files\Microsoft Visual Studio\2022\Community\VC\Tools\MSVC\14.37.32822\include\xmemory(369,44): message : zobacz deklarację „_Ptrty”
C:\Program Files\Microsoft Visual Studio\2022\Community\VC\Tools\MSVC\14.37.32822\include\xmemory(369,62): error C2903: "rebind": symbol nie jest klasą szablon ani funkcją szablon
C:\Program Files\Microsoft Visual Studio\2022\Community\VC\Tools\MSVC\14.37.32822\include\xmemory(379,53): error C2039: „type”: nie jest składową elementu „std::_Get_pointer_type<_Alloc,void>”
          with
          [
              _Alloc=data_type
          ]
C:\Program Files\Microsoft Visual Studio\2022\Community\VC\Tools\MSVC\14.37.32822\include\xmemory(550,41): message : zobacz deklarację „std::_Get_pointer_type<_Alloc,void>”
          with
          [
              _Alloc=data_type
          ]
C:\Program Files\Microsoft Visual Studio\2022\Community\VC\Tools\MSVC\14.37.32822\include\xmemory(553,1): message : zobacz odwołanie do kompilowanego tworzenia wystąpienia „std::_Get_const_void_pointer_type<_Alloc,void>” klasy klasa szablon
          with
          [
              _Alloc=data_type
          ]
C:\Program Files\Microsoft Visual Studio\2022\Community\VC\Tools\MSVC\14.37.32822\include\xmemory(379,53): error C2061: błąd składniowy: identyfikator „type”
C:\Program Files\Microsoft Visual Studio\2022\Community\VC\Tools\MSVC\14.37.32822\include\xmemory(380,44): error C2065: "_Ptrty": niezadeklarowany identyfikator
C:\Program Files\Microsoft Visual Studio\2022\Community\VC\Tools\MSVC\14.37.32822\include\xmemory(380,29): error C2923: „std::pointer_traits”: „_Ptrty” nie jest prawidłowym argumentem typu szablon dla parametru „_Ty”
C:\Program Files\Microsoft Visual Studio\2022\Community\VC\Tools\MSVC\14.37.32822\include\xmemory(380,44): message : zobacz deklarację „_Ptrty”
C:\Program Files\Microsoft Visual Studio\2022\Community\VC\Tools\MSVC\14.37.32822\include\xmemory(380,62): error C2903: "rebind": symbol nie jest klasą szablon ani funkcją szablon
C:\Program Files\Microsoft Visual Studio\2022\Community\VC\Tools\MSVC\14.37.32822\include\xmemory(390,53): error C2039: „type”: nie jest składową elementu „std::_Get_pointer_type<_Alloc,void>”
          with
          [
              _Alloc=data_type
          ]
C:\Program Files\Microsoft Visual Studio\2022\Community\VC\Tools\MSVC\14.37.32822\include\xmemory(550,41): message : zobacz deklarację „std::_Get_pointer_type<_Alloc,void>”
          with
          [
              _Alloc=data_type
          ]
C:\Program Files\Microsoft Visual Studio\2022\Community\VC\Tools\MSVC\14.37.32822\include\xmemory(401,1): message : zobacz odwołanie do kompilowanego tworzenia wystąpienia „std::_Get_difference_type<_Ty,void>” klasy klasa szablon
          with
          [
              _Ty=data_type
          ]
C:\Program Files\Microsoft Visual Studio\2022\Community\VC\Tools\MSVC\14.37.32822\include\xmemory(555,1): message : zobacz odwołanie do kompilowanego tworzenia wystąpienia „std::_Get_size_type<_Alloc,void>” klasy klasa szablon
          with
          [
              _Alloc=data_type
          ]
C:\Program Files\Microsoft Visual Studio\2022\Community\VC\Tools\MSVC\14.37.32822\include\xmemory(390,53): error C2061: błąd składniowy: identyfikator „type”
C:\Program Files\Microsoft Visual Studio\2022\Community\VC\Tools\MSVC\14.37.32822\include\xmemory(391,44): error C2065: "_Ptrty": niezadeklarowany identyfikator
C:\Program Files\Microsoft Visual Studio\2022\Community\VC\Tools\MSVC\14.37.32822\include\xmemory(391,29): error C2923: „std::pointer_traits”: „_Ptrty” nie jest prawidłowym argumentem typu szablon dla parametru „_Ty”
C:\Program Files\Microsoft Visual Studio\2022\Community\VC\Tools\MSVC\14.37.32822\include\xmemory(391,44): message : zobacz deklarację „_Ptrty”
C:\Program Files\Microsoft Visual Studio\2022\Community\VC\Tools\MSVC\14.37.32822\include\xmemory(391,53): error C2955: „std::pointer_traits”: użycie klasy klasa szablon wymaga listy argumentów szablon
C:\Program Files\Microsoft Visual Studio\2022\Community\VC\Tools\MSVC\14.37.32822\include\xutility(292,1): message : zobacz deklarację „std::pointer_traits”
C:\Program Files\Microsoft Visual Studio\2022\Community\VC\Tools\MSVC\14.37.32822\include\xmemory(391,53): error C2039: „difference_type”: nie jest składową elementu „std::pointer_traits<_Ty>”
C:\Program Files\Microsoft Visual Studio\2022\Community\VC\Tools\MSVC\14.37.32822\include\xmemory(391,53): error C2061: błąd składniowy: identyfikator „difference_type”
C:\Program Files\Microsoft Visual Studio\2022\Community\VC\Tools\MSVC\14.37.32822\include\xmemory(401,70): error C2039: „type”: nie jest składową elementu „std::_Get_difference_type<_Ty,void>”
          with
          [
              _Ty=data_type
          ]
C:\Program Files\Microsoft Visual Studio\2022\Community\VC\Tools\MSVC\14.37.32822\include\xmemory(401,43): message : zobacz deklarację „std::_Get_difference_type<_Ty,void>”
          with
          [
              _Ty=data_type
          ]
C:\Program Files\Microsoft Visual Studio\2022\Community\VC\Tools\MSVC\14.37.32822\include\xmemory(401,70): error C2146: błąd składniowy: brakuje „>” przed identyfikatorem „type”
C:\Program Files\Microsoft Visual Studio\2022\Community\VC\Tools\MSVC\14.37.32822\include\xmemory(556,68): error C2039: „type”: nie jest składową elementu „std::_Get_difference_type<_Ty,void>”
          with
          [
              _Ty=data_type
          ]
C:\Program Files\Microsoft Visual Studio\2022\Community\VC\Tools\MSVC\14.37.32822\include\xmemory(401,43): message : zobacz deklarację „std::_Get_difference_type<_Ty,void>”
          with
          [
              _Ty=data_type
          ]
C:\Program Files\Microsoft Visual Studio\2022\Community\VC\Tools\MSVC\14.37.32822\include\xmemory(556,68): error C2061: błąd składniowy: identyfikator „type”
C:\Program Files\Microsoft Visual Studio\2022\Community\VC\Tools\MSVC\14.37.32822\include\xmemory(570,9): error C3646: "allocate": nieznany specyfikator przesłonięcia
C:\Program Files\Microsoft Visual Studio\2022\Community\VC\Tools\MSVC\14.37.32822\include\xmemory(570,26): error C2065: "_Al": niezadeklarowany identyfikator
C:\Program Files\Microsoft Visual Studio\2022\Community\VC\Tools\MSVC\14.37.32822\include\xmemory(570,18): error C2275: „_Alloc“: oczekiwano wyrażenia zamiast typu
C:\Program Files\Microsoft Visual Studio\2022\Community\VC\Tools\MSVC\14.37.32822\include\xmemory(570,31): error C2226: błąd składniowy: nieoczekiwany typ „std::_Normal_allocator_traits<_Alloc>::size_type”
          with
          [
              _Alloc=data_type
          ]
C:\Program Files\Microsoft Visual Studio\2022\Community\VC\Tools\MSVC\14.37.32822\include\xmemory(570,74): error C2334: nieoczekiwany(e) token(y) poprzedzające "{"; pomijanie treści widocznych funkcji
C:\Program Files\Microsoft Visual Studio\2022\Community\VC\Tools\MSVC\14.37.32822\include\xmemory(575,9): error C3646: "allocate": nieznany specyfikator przesłonięcia
C:\Program Files\Microsoft Visual Studio\2022\Community\VC\Tools\MSVC\14.37.32822\include\xmemory(575,26): error C2065: "_Al": niezadeklarowany identyfikator
C:\Program Files\Microsoft Visual Studio\2022\Community\VC\Tools\MSVC\14.37.32822\include\xmemory(575,18): error C2275: „_Alloc“: oczekiwano wyrażenia zamiast typu
C:\Program Files\Microsoft Visual Studio\2022\Community\VC\Tools\MSVC\14.37.32822\include\xmemory(575,31): error C2226: błąd składniowy: nieoczekiwany typ „std::_Normal_allocator_traits<_Alloc>::size_type”
          with
          [
              _Alloc=data_type
          ]
C:\Program Files\Microsoft Visual Studio\2022\Community\VC\Tools\MSVC\14.37.32822\include\xmemory(575,106): error C2334: nieoczekiwany(e) token(y) poprzedzające "{"; pomijanie treści widocznych funkcji
C:\Program Files\Microsoft Visual Studio\2022\Community\VC\Tools\MSVC\14.37.32822\include\xmemory(594,54): error C2061: błąd składniowy: identyfikator „pointer”
C:\Program Files\Microsoft Visual Studio\2022\Community\VC\Tools\MSVC\14.37.32822\include\xmemory(453,66): error C2027: wykorzystanie niezdefiniowanego przez użytkownika typu "std::_Replace_first_parameter<_Other,_Ty>"
          with
          [
              _Other=std::string,
              _Ty=data_type
          ]
C:\Program Files\Microsoft Visual Studio\2022\Community\VC\Tools\MSVC\14.37.32822\include\xmemory(453,27): message : zobacz deklarację „std::_Replace_first_parameter<_Other,_Ty>”
          with
          [
              _Other=std::string,
              _Ty=data_type
          ]
C:\Program Files\Microsoft Visual Studio\2022\Community\VC\Tools\MSVC\14.37.32822\include\vector(444,50): message : zobacz odwołanie do kompilowanego tworzenia wystąpienia „std::_Get_rebind_type<_Alloc,_Ty,void>” klasy klasa szablon
          with
          [
              _Alloc=data_type,
              _Ty=std::string
          ]
C:\Program Files\Microsoft Visual Studio\2022\Community\VC\Tools\MSVC\14.37.32822\include\xmemory(766,69): message : zobacz odwołanie do kompilowanego tworzenia wystąpienia „std::_Normal_allocator_traits<_Alloc>::rebind_alloc<_Ty>” klasy alias szablon
          with
          [
              _Alloc=data_type,
              _Ty=std::string
          ]
C:\Program Files\Microsoft Visual Studio\2022\Community\VC\Tools\MSVC\14.37.32822\include\xmemory(453,66): error C2061: błąd składniowy: identyfikator „type”
C:\Program Files\Microsoft Visual Studio\2022\Community\VC\Tools\MSVC\14.37.32822\include\xmemory(564,69): error C2794: „type”: nie jest składową żadnej bezpośredniej lub pośredniej klasy bazowej „std::_Get_rebind_type<_Alloc,_Ty,void>”
          with
          [
              _Alloc=data_type,
              _Ty=std::string
          ]
C:\Program Files\Microsoft Visual Studio\2022\Community\VC\Tools\MSVC\14.37.32822\include\xmemory(766,69): error C2938: „std::_Normal_allocator_traits<_Alloc>::rebind_alloc”: Nie powiodło się specjalizowanie szablonu aliasu
          with
          [
              _Alloc=data_type
          ]
C:\Program Files\Microsoft Visual Studio\2022\Community\VC\Tools\MSVC\14.37.32822\include\vector(444,26): error C2938: „std::_Rebind_alloc_t”: Nie powiodło się specjalizowanie szablonu aliasu
C:\Program Files\Microsoft Visual Studio\2022\Community\VC\Tools\MSVC\14.37.32822\include\vector(448,84): error C2838: „value_type”: niedozwolona kwalifikowana nazwa w deklaracji składowej
C:\Program Files\Microsoft Visual Studio\2022\Community\VC\Tools\MSVC\14.37.32822\include\vector(448,84): error C2146: błąd składniowy: brakuje „>” przed identyfikatorem „value_type”
C:\Program Files\Microsoft Visual Studio\2022\Community\VC\Tools\MSVC\14.37.32822\include\vector(448,52): error C2062: nieoczekiwany typ "unknown-type"
C:\Program Files\Microsoft Visual Studio\2022\Community\VC\Tools\MSVC\14.37.32822\include\vector(449,68): error C2238: nieoczekiwany(e) token(y) poprzedzający(e) ";"
C:\Program Files\Microsoft Visual Studio\2022\Community\VC\Tools\MSVC\14.37.32822\include\vector(455,52): error C2955: „std::allocator_traits”: użycie klasy klasa szablon wymaga listy argumentów szablon
C:\Program Files\Microsoft Visual Studio\2022\Community\VC\Tools\MSVC\14.37.32822\include\xmemory(742,1): message : zobacz deklarację „std::allocator_traits”
C:\Program Files\Microsoft Visual Studio\2022\Community\VC\Tools\MSVC\14.37.32822\include\vector(455,52): error C2039: „pointer”: nie jest składową elementu „std::allocator_traits<_Alloc>”
C:\Program Files\Microsoft Visual Studio\2022\Community\VC\Tools\MSVC\14.37.32822\include\vector(455,52): error C2061: błąd składniowy: identyfikator „pointer”
C:\Program Files\Microsoft Visual Studio\2022\Community\VC\Tools\MSVC\14.37.32822\include\vector(456,52): error C2955: „std::allocator_traits”: użycie klasy klasa szablon wymaga listy argumentów szablon
C:\Program Files\Microsoft Visual Studio\2022\Community\VC\Tools\MSVC\14.37.32822\include\xmemory(742,1): message : zobacz deklarację „std::allocator_traits”
C:\Program Files\Microsoft Visual Studio\2022\Community\VC\Tools\MSVC\14.37.32822\include\vector(456,52): error C2039: „const_pointer”: nie jest składową elementu „std::allocator_traits<_Alloc>”
C:\Program Files\Microsoft Visual Studio\2022\Community\VC\Tools\MSVC\14.37.32822\include\vector(456,52): error C2061: błąd składniowy: identyfikator „const_pointer”
C:\Program Files\Microsoft Visual Studio\2022\Community\VC\Tools\MSVC\14.37.32822\include\vector(459,52): error C2955: „std::allocator_traits”: użycie klasy klasa szablon wymaga listy argumentów szablon
C:\Program Files\Microsoft Visual Studio\2022\Community\VC\Tools\MSVC\14.37.32822\include\xmemory(742,1): message : zobacz deklarację „std::allocator_traits”
C:\Program Files\Microsoft Visual Studio\2022\Community\VC\Tools\MSVC\14.37.32822\include\vector(459,52): error C2039: „size_type”: nie jest składową elementu „std::allocator_traits<_Alloc>”
C:\Program Files\Microsoft Visual Studio\2022\Community\VC\Tools\MSVC\14.37.32822\include\vector(459,52): error C2061: błąd składniowy: identyfikator „size_type”
C:\Program Files\Microsoft Visual Studio\2022\Community\VC\Tools\MSVC\14.37.32822\include\vector(460,52): error C2955: „std::allocator_traits”: użycie klasy klasa szablon wymaga listy argumentów szablon
C:\Program Files\Microsoft Visual Studio\2022\Community\VC\Tools\MSVC\14.37.32822\include\xmemory(742,1): message : zobacz deklarację „std::allocator_traits”
C:\Program Files\Microsoft Visual Studio\2022\Community\VC\Tools\MSVC\14.37.32822\include\vector(460,52): error C2039: „difference_type”: nie jest składową elementu „std::allocator_traits<_Alloc>”
C:\Program Files\Microsoft Visual Studio\2022\Community\VC\Tools\MSVC\14.37.32822\include\vector(460,52): error C2061: błąd składniowy: identyfikator „difference_type”
C:\Program Files\Microsoft Visual Studio\2022\Community\VC\Tools\MSVC\14.37.32822\include\vector(602,30): error C2065: "size_type": niezadeklarowany identyfikator
C:\Program Files\Microsoft Visual Studio\2022\Community\VC\Tools\MSVC\14.37.32822\include\vector(602,41): error C2065: "difference_type": niezadeklarowany identyfikator
C:\Program Files\Microsoft Visual Studio\2022\Community\VC\Tools\MSVC\14.37.32822\include\vector(602,58): error C2065: "pointer": niezadeklarowany identyfikator
C:\Program Files\Microsoft Visual Studio\2022\Community\VC\Tools\MSVC\14.37.32822\include\vector(602,67): error C2065: "const_pointer": niezadeklarowany identyfikator
C:\Program Files\Microsoft Visual Studio\2022\Community\VC\Tools\MSVC\14.37.32822\include\vector(602,9): error C2923: „std::_Vec_iter_types”: „size_type” nie jest prawidłowym argumentem typu szablon dla parametru „_Size_type”
C:\Program Files\Microsoft Visual Studio\2022\Community\VC\Tools\MSVC\14.37.32822\include\vector(602,30): message : zobacz deklarację „size_type”
C:\Program Files\Microsoft Visual Studio\2022\Community\VC\Tools\MSVC\14.37.32822\include\vector(602,9): error C2923: „std::_Vec_iter_types”: „difference_type” nie jest prawidłowym argumentem typu szablon dla parametru „_Difference_type”
C:\Program Files\Microsoft Visual Studio\2022\Community\VC\Tools\MSVC\14.37.32822\include\vector(602,41): message : zobacz deklarację „difference_type”
C:\Program Files\Microsoft Visual Studio\2022\Community\VC\Tools\MSVC\14.37.32822\include\vector(602,9): error C2923: „std::_Vec_iter_types”: „pointer” nie jest prawidłowym argumentem typu szablon dla parametru „_Pointer”
C:\Program Files\Microsoft Visual Studio\2022\Community\VC\Tools\MSVC\14.37.32822\include\vector(602,58): message : zobacz deklarację „pointer”
C:\Program Files\Microsoft Visual Studio\2022\Community\VC\Tools\MSVC\14.37.32822\include\vector(602,9): error C2923: „std::_Vec_iter_types”: „const_pointer” nie jest prawidłowym argumentem typu szablon dla parametru „_Const_pointer”
C:\Program Files\Microsoft Visual Studio\2022\Community\VC\Tools\MSVC\14.37.32822\include\vector(602,67): message : zobacz deklarację „const_pointer”
C:\Program Files\Microsoft Visual Studio\2022\Community\VC\Tools\MSVC\14.37.32822\include\vector(601,36): error C2993: „unknown-type”: to nie jest prawidłowy typ dla parametru szablonu bez typu „_Test”
C:\Program Files\Microsoft Visual Studio\2022\Community\VC\Tools\MSVC\14.37.32822\include\vector(605,53): error C3203: „_Vector_val”: nie można używać klasy niespecjalizowanej klasa szablon jako argumentu szablon dla parametru szablon „_Myvec”, oczekiwano typu rzeczywistego
C:\Program Files\Microsoft Visual Studio\2022\Community\VC\Tools\MSVC\14.37.32822\include\vector(606,59): error C3203: „_Vector_val”: nie można używać klasy niespecjalizowanej klasa szablon jako argumentu szablon dla parametru szablon „_Myvec”, oczekiwano typu rzeczywistego
C:\Program Files\Microsoft Visual Studio\2022\Community\VC\Tools\MSVC\14.37.32822\include\vector(618,1): error C4430: brak specyfikatora typu - założono, że int. Uwaga: C++ nie obsługuje domyślnie typu int
C:\Program Files\Microsoft Visual Studio\2022\Community\VC\Tools\MSVC\14.37.32822\include\vector(618,69): error C2146: błąd składniowy: brakuje „)” przed identyfikatorem „_Count”
C:\Program Files\Microsoft Visual Studio\2022\Community\VC\Tools\MSVC\14.37.32822\include\vector(618,69): error C3646: "_Count": nieznany specyfikator przesłonięcia
C:\Program Files\Microsoft Visual Studio\2022\Community\VC\Tools\MSVC\14.37.32822\include\vector(618,89): error C2143: błąd składniowy: brakuje „;” przed „&”
C:\Program Files\Microsoft Visual Studio\2022\Community\VC\Tools\MSVC\14.37.32822\include\vector(618,89): error C2059: błąd składniowy: „&”
C:\Program Files\Microsoft Visual Studio\2022\Community\VC\Tools\MSVC\14.37.32822\include\vector(618,105): error C2059: błąd składniowy: „)”
C:\Program Files\Microsoft Visual Studio\2022\Community\VC\Tools\MSVC\14.37.32822\include\vector(619,9): error C2334: nieoczekiwany(e) token(y) poprzedzające ":"; pomijanie treści widocznych funkcji
C:\Users\mikol\Desktop\effective_programming_techniques\L03\Parser.h(12,14): fatal  error C1075: „{”: nie znaleziono zgodnego tokenu
  main.cpp
C:\Program Files\Microsoft Visual Studio\2022\Community\VC\Tools\MSVC\14.37.32822\include\xmemory(548,45): error C2838: „value_type”: niedozwolona kwalifikowana nazwa w deklaracji składowej
C:\Program Files\Microsoft Visual Studio\2022\Community\VC\Tools\MSVC\14.37.32822\include\xmemory(742,27): message : zobacz odwołanie do kompilowanego tworzenia wystąpienia „std::_Normal_allocator_traits<_Alloc>” klasy klasa szablon
          with
          [
              _Alloc=data_type
          ]
C:\Program Files\Microsoft Visual Studio\2022\Community\VC\Tools\MSVC\14.37.32822\include\vector(444,50): message : zobacz odwołanie do kompilowanego tworzenia wystąpienia „std::allocator_traits<_Alloc>” klasy klasa szablon
          with
          [
              _Alloc=data_type
          ]
C:\Program Files\Microsoft Visual Studio\2022\Community\VC\Tools\MSVC\14.37.32822\include\vector(444,26): message : zobacz odwołanie do kompilowanego tworzenia wystąpienia „std::_Rebind_alloc_t<_Alloc,_Ty>” klasy alias szablon
          with
          [
              _Alloc=data_type,
              _Ty=std::string
          ]
C:\Users\mikol\Desktop\effective_programming_techniques\L03\Parser.h(20,38): message : zobacz odwołanie do kompilowanego tworzenia wystąpienia „std::vector<std::string,data_type>” klasy klasa szablon
C:\Program Files\Microsoft Visual Studio\2022\Community\VC\Tools\MSVC\14.37.32822\include\xmemory(548,45): error C2061: błąd składniowy: identyfikator „value_type”
C:\Program Files\Microsoft Visual Studio\2022\Community\VC\Tools\MSVC\14.37.32822\include\xmemory(342,32): error C2838: „value_type”: niedozwolona kwalifikowana nazwa w deklaracji składowej
C:\Program Files\Microsoft Visual Studio\2022\Community\VC\Tools\MSVC\14.37.32822\include\xmemory(550,1): message : zobacz odwołanie do kompilowanego tworzenia wystąpienia „std::_Get_pointer_type<_Alloc,void>” klasy klasa szablon
          with
          [
              _Alloc=data_type
          ]
C:\Program Files\Microsoft Visual Studio\2022\Community\VC\Tools\MSVC\14.37.32822\include\xmemory(342,32): error C2061: błąd składniowy: identyfikator „value_type”
C:\Program Files\Microsoft Visual Studio\2022\Community\VC\Tools\MSVC\14.37.32822\include\xmemory(550,68): error C2039: „type”: nie jest składową elementu „std::_Get_pointer_type<_Alloc,void>”
          with
          [
              _Alloc=data_type
          ]
C:\Program Files\Microsoft Visual Studio\2022\Community\VC\Tools\MSVC\14.37.32822\include\xmemory(550,41): message : zobacz deklarację „std::_Get_pointer_type<_Alloc,void>”
          with
          [
              _Alloc=data_type
          ]
C:\Program Files\Microsoft Visual Studio\2022\Community\VC\Tools\MSVC\14.37.32822\include\xmemory(550,68): error C2061: błąd składniowy: identyfikator „type”
C:\Program Files\Microsoft Visual Studio\2022\Community\VC\Tools\MSVC\14.37.32822\include\xmemory(354,53): error C2039: „type”: nie jest składową elementu „std::_Get_pointer_type<_Alloc,void>”
          with
          [
              _Alloc=data_type
          ]
C:\Program Files\Microsoft Visual Studio\2022\Community\VC\Tools\MSVC\14.37.32822\include\xmemory(550,41): message : zobacz deklarację „std::_Get_pointer_type<_Alloc,void>”
          with
          [
              _Alloc=data_type
          ]
C:\Program Files\Microsoft Visual Studio\2022\Community\VC\Tools\MSVC\14.37.32822\include\xmemory(551,1): message : zobacz odwołanie do kompilowanego tworzenia wystąpienia „std::_Get_const_pointer_type<_Alloc,void>” klasy klasa szablon
          with
          [
              _Alloc=data_type
          ]
C:\Program Files\Microsoft Visual Studio\2022\Community\VC\Tools\MSVC\14.37.32822\include\xmemory(354,53): error C2061: błąd składniowy: identyfikator „type”
C:\Program Files\Microsoft Visual Studio\2022\Community\VC\Tools\MSVC\14.37.32822\include\xmemory(355,34): error C2838: „value_type”: niedozwolona kwalifikowana nazwa w deklaracji składowej
C:\Program Files\Microsoft Visual Studio\2022\Community\VC\Tools\MSVC\14.37.32822\include\xmemory(355,34): error C2061: błąd składniowy: identyfikator „value_type”
C:\Program Files\Microsoft Visual Studio\2022\Community\VC\Tools\MSVC\14.37.32822\include\xmemory(356,44): error C2065: "_Ptrty": niezadeklarowany identyfikator
C:\Program Files\Microsoft Visual Studio\2022\Community\VC\Tools\MSVC\14.37.32822\include\xmemory(356,29): error C2923: „std::pointer_traits”: „_Ptrty” nie jest prawidłowym argumentem typu szablon dla parametru „_Ty”
C:\Program Files\Microsoft Visual Studio\2022\Community\VC\Tools\MSVC\14.37.32822\include\xmemory(356,44): message : zobacz deklarację „_Ptrty”
C:\Program Files\Microsoft Visual Studio\2022\Community\VC\Tools\MSVC\14.37.32822\include\xmemory(356,75): error C2065: "_Valty": niezadeklarowany identyfikator
C:\Program Files\Microsoft Visual Studio\2022\Community\VC\Tools\MSVC\14.37.32822\include\xmemory(356,1): error C4430: brak specyfikatora typu - założono, że int. Uwaga: C++ nie obsługuje domyślnie typu int
C:\Program Files\Microsoft Visual Studio\2022\Community\VC\Tools\MSVC\14.37.32822\include\xmemory(356,75): error C2146: błąd składniowy: brakuje „>” przed identyfikatorem „_Valty”
C:\Program Files\Microsoft Visual Studio\2022\Community\VC\Tools\MSVC\14.37.32822\include\xmemory(368,53): error C2039: „type”: nie jest składową elementu „std::_Get_pointer_type<_Alloc,void>”
          with
          [
              _Alloc=data_type
          ]
C:\Program Files\Microsoft Visual Studio\2022\Community\VC\Tools\MSVC\14.37.32822\include\xmemory(550,41): message : zobacz deklarację „std::_Get_pointer_type<_Alloc,void>”
          with
          [
              _Alloc=data_type
          ]
C:\Program Files\Microsoft Visual Studio\2022\Community\VC\Tools\MSVC\14.37.32822\include\xmemory(552,1): message : zobacz odwołanie do kompilowanego tworzenia wystąpienia „std::_Get_void_pointer_type<_Alloc,void>” klasy klasa szablon
          with
          [
              _Alloc=data_type
          ]
C:\Program Files\Microsoft Visual Studio\2022\Community\VC\Tools\MSVC\14.37.32822\include\xmemory(368,53): error C2061: błąd składniowy: identyfikator „type”
C:\Program Files\Microsoft Visual Studio\2022\Community\VC\Tools\MSVC\14.37.32822\include\xmemory(369,44): error C2065: "_Ptrty": niezadeklarowany identyfikator
C:\Program Files\Microsoft Visual Studio\2022\Community\VC\Tools\MSVC\14.37.32822\include\xmemory(369,29): error C2923: „std::pointer_traits”: „_Ptrty” nie jest prawidłowym argumentem typu szablon dla parametru „_Ty”
C:\Program Files\Microsoft Visual Studio\2022\Community\VC\Tools\MSVC\14.37.32822\include\xmemory(369,44): message : zobacz deklarację „_Ptrty”
C:\Program Files\Microsoft Visual Studio\2022\Community\VC\Tools\MSVC\14.37.32822\include\xmemory(369,62): error C2903: "rebind": symbol nie jest klasą szablon ani funkcją szablon
C:\Program Files\Microsoft Visual Studio\2022\Community\VC\Tools\MSVC\14.37.32822\include\xmemory(379,53): error C2039: „type”: nie jest składową elementu „std::_Get_pointer_type<_Alloc,void>”
          with
          [
              _Alloc=data_type
          ]
C:\Program Files\Microsoft Visual Studio\2022\Community\VC\Tools\MSVC\14.37.32822\include\xmemory(550,41): message : zobacz deklarację „std::_Get_pointer_type<_Alloc,void>”
          with
          [
              _Alloc=data_type
          ]
C:\Program Files\Microsoft Visual Studio\2022\Community\VC\Tools\MSVC\14.37.32822\include\xmemory(553,1): message : zobacz odwołanie do kompilowanego tworzenia wystąpienia „std::_Get_const_void_pointer_type<_Alloc,void>” klasy klasa szablon
          with
          [
              _Alloc=data_type
          ]
C:\Program Files\Microsoft Visual Studio\2022\Community\VC\Tools\MSVC\14.37.32822\include\xmemory(379,53): error C2061: błąd składniowy: identyfikator „type”
C:\Program Files\Microsoft Visual Studio\2022\Community\VC\Tools\MSVC\14.37.32822\include\xmemory(380,44): error C2065: "_Ptrty": niezadeklarowany identyfikator
C:\Program Files\Microsoft Visual Studio\2022\Community\VC\Tools\MSVC\14.37.32822\include\xmemory(380,29): error C2923: „std::pointer_traits”: „_Ptrty” nie jest prawidłowym argumentem typu szablon dla parametru „_Ty”
C:\Program Files\Microsoft Visual Studio\2022\Community\VC\Tools\MSVC\14.37.32822\include\xmemory(380,44): message : zobacz deklarację „_Ptrty”
C:\Program Files\Microsoft Visual Studio\2022\Community\VC\Tools\MSVC\14.37.32822\include\xmemory(380,62): error C2903: "rebind": symbol nie jest klasą szablon ani funkcją szablon
C:\Program Files\Microsoft Visual Studio\2022\Community\VC\Tools\MSVC\14.37.32822\include\xmemory(390,53): error C2039: „type”: nie jest składową elementu „std::_Get_pointer_type<_Alloc,void>”
          with
          [
              _Alloc=data_type
          ]
C:\Program Files\Microsoft Visual Studio\2022\Community\VC\Tools\MSVC\14.37.32822\include\xmemory(550,41): message : zobacz deklarację „std::_Get_pointer_type<_Alloc,void>”
          with
          [
              _Alloc=data_type
          ]
C:\Program Files\Microsoft Visual Studio\2022\Community\VC\Tools\MSVC\14.37.32822\include\xmemory(401,1): message : zobacz odwołanie do kompilowanego tworzenia wystąpienia „std::_Get_difference_type<_Ty,void>” klasy klasa szablon
          with
          [
              _Ty=data_type
          ]
C:\Program Files\Microsoft Visual Studio\2022\Community\VC\Tools\MSVC\14.37.32822\include\xmemory(555,1): message : zobacz odwołanie do kompilowanego tworzenia wystąpienia „std::_Get_size_type<_Alloc,void>” klasy klasa szablon
          with
          [
              _Alloc=data_type
          ]
C:\Program Files\Microsoft Visual Studio\2022\Community\VC\Tools\MSVC\14.37.32822\include\xmemory(390,53): error C2061: błąd składniowy: identyfikator „type”
C:\Program Files\Microsoft Visual Studio\2022\Community\VC\Tools\MSVC\14.37.32822\include\xmemory(391,44): error C2065: "_Ptrty": niezadeklarowany identyfikator
C:\Program Files\Microsoft Visual Studio\2022\Community\VC\Tools\MSVC\14.37.32822\include\xmemory(391,29): error C2923: „std::pointer_traits”: „_Ptrty” nie jest prawidłowym argumentem typu szablon dla parametru „_Ty”
C:\Program Files\Microsoft Visual Studio\2022\Community\VC\Tools\MSVC\14.37.32822\include\xmemory(391,44): message : zobacz deklarację „_Ptrty”
C:\Program Files\Microsoft Visual Studio\2022\Community\VC\Tools\MSVC\14.37.32822\include\xmemory(391,53): error C2955: „std::pointer_traits”: użycie klasy klasa szablon wymaga listy argumentów szablon
C:\Program Files\Microsoft Visual Studio\2022\Community\VC\Tools\MSVC\14.37.32822\include\xutility(292,1): message : zobacz deklarację „std::pointer_traits”
C:\Program Files\Microsoft Visual Studio\2022\Community\VC\Tools\MSVC\14.37.32822\include\xmemory(391,53): error C2039: „difference_type”: nie jest składową elementu „std::pointer_traits<_Ty>”
C:\Program Files\Microsoft Visual Studio\2022\Community\VC\Tools\MSVC\14.37.32822\include\xmemory(391,53): error C2061: błąd składniowy: identyfikator „difference_type”
C:\Program Files\Microsoft Visual Studio\2022\Community\VC\Tools\MSVC\14.37.32822\include\xmemory(401,70): error C2039: „type”: nie jest składową elementu „std::_Get_difference_type<_Ty,void>”
          with
          [
              _Ty=data_type
          ]
C:\Program Files\Microsoft Visual Studio\2022\Community\VC\Tools\MSVC\14.37.32822\include\xmemory(401,43): message : zobacz deklarację „std::_Get_difference_type<_Ty,void>”
          with
          [
              _Ty=data_type
          ]
C:\Program Files\Microsoft Visual Studio\2022\Community\VC\Tools\MSVC\14.37.32822\include\xmemory(401,70): error C2146: błąd składniowy: brakuje „>” przed identyfikatorem „type”
C:\Program Files\Microsoft Visual Studio\2022\Community\VC\Tools\MSVC\14.37.32822\include\xmemory(556,68): error C2039: „type”: nie jest składową elementu „std::_Get_difference_type<_Ty,void>”
          with
          [
              _Ty=data_type
          ]
C:\Program Files\Microsoft Visual Studio\2022\Community\VC\Tools\MSVC\14.37.32822\include\xmemory(401,43): message : zobacz deklarację „std::_Get_difference_type<_Ty,void>”
          with
          [
              _Ty=data_type
          ]
C:\Program Files\Microsoft Visual Studio\2022\Community\VC\Tools\MSVC\14.37.32822\include\xmemory(556,68): error C2061: błąd składniowy: identyfikator „type”
C:\Program Files\Microsoft Visual Studio\2022\Community\VC\Tools\MSVC\14.37.32822\include\xmemory(570,9): error C3646: "allocate": nieznany specyfikator przesłonięcia
C:\Program Files\Microsoft Visual Studio\2022\Community\VC\Tools\MSVC\14.37.32822\include\xmemory(570,26): error C2065: "_Al": niezadeklarowany identyfikator
C:\Program Files\Microsoft Visual Studio\2022\Community\VC\Tools\MSVC\14.37.32822\include\xmemory(570,18): error C2275: „_Alloc“: oczekiwano wyrażenia zamiast typu
C:\Program Files\Microsoft Visual Studio\2022\Community\VC\Tools\MSVC\14.37.32822\include\xmemory(570,31): error C2226: błąd składniowy: nieoczekiwany typ „std::_Normal_allocator_traits<_Alloc>::size_type”
          with
          [
              _Alloc=data_type
          ]
C:\Program Files\Microsoft Visual Studio\2022\Community\VC\Tools\MSVC\14.37.32822\include\xmemory(570,74): error C2334: nieoczekiwany(e) token(y) poprzedzające "{"; pomijanie treści widocznych funkcji
C:\Program Files\Microsoft Visual Studio\2022\Community\VC\Tools\MSVC\14.37.32822\include\xmemory(575,9): error C3646: "allocate": nieznany specyfikator przesłonięcia
C:\Program Files\Microsoft Visual Studio\2022\Community\VC\Tools\MSVC\14.37.32822\include\xmemory(575,26): error C2065: "_Al": niezadeklarowany identyfikator
C:\Program Files\Microsoft Visual Studio\2022\Community\VC\Tools\MSVC\14.37.32822\include\xmemory(575,18): error C2275: „_Alloc“: oczekiwano wyrażenia zamiast typu
C:\Program Files\Microsoft Visual Studio\2022\Community\VC\Tools\MSVC\14.37.32822\include\xmemory(575,31): error C2226: błąd składniowy: nieoczekiwany typ „std::_Normal_allocator_traits<_Alloc>::size_type”
          with
          [
              _Alloc=data_type
          ]
C:\Program Files\Microsoft Visual Studio\2022\Community\VC\Tools\MSVC\14.37.32822\include\xmemory(575,106): error C2334: nieoczekiwany(e) token(y) poprzedzające "{"; pomijanie treści widocznych funkcji
C:\Program Files\Microsoft Visual Studio\2022\Community\VC\Tools\MSVC\14.37.32822\include\xmemory(594,54): error C2061: błąd składniowy: identyfikator „pointer”
C:\Program Files\Microsoft Visual Studio\2022\Community\VC\Tools\MSVC\14.37.32822\include\xmemory(453,66): error C2027: wykorzystanie niezdefiniowanego przez użytkownika typu "std::_Replace_first_parameter<_Other,_Ty>"
          with
          [
              _Other=std::string,
              _Ty=data_type
          ]
C:\Program Files\Microsoft Visual Studio\2022\Community\VC\Tools\MSVC\14.37.32822\include\xmemory(453,27): message : zobacz deklarację „std::_Replace_first_parameter<_Other,_Ty>”
          with
          [
              _Other=std::string,
              _Ty=data_type
          ]
C:\Program Files\Microsoft Visual Studio\2022\Community\VC\Tools\MSVC\14.37.32822\include\vector(444,50): message : zobacz odwołanie do kompilowanego tworzenia wystąpienia „std::_Get_rebind_type<_Alloc,_Ty,void>” klasy klasa szablon
          with
          [
              _Alloc=data_type,
              _Ty=std::string
          ]
C:\Program Files\Microsoft Visual Studio\2022\Community\VC\Tools\MSVC\14.37.32822\include\xmemory(766,69): message : zobacz odwołanie do kompilowanego tworzenia wystąpienia „std::_Normal_allocator_traits<_Alloc>::rebind_alloc<_Ty>” klasy alias szablon
          with
          [
              _Alloc=data_type,
              _Ty=std::string
          ]
C:\Program Files\Microsoft Visual Studio\2022\Community\VC\Tools\MSVC\14.37.32822\include\xmemory(453,66): error C2061: błąd składniowy: identyfikator „type”
C:\Program Files\Microsoft Visual Studio\2022\Community\VC\Tools\MSVC\14.37.32822\include\xmemory(564,69): error C2794: „type”: nie jest składową żadnej bezpośredniej lub pośredniej klasy bazowej „std::_Get_rebind_type<_Alloc,_Ty,void>”
          with
          [
              _Alloc=data_type,
              _Ty=std::string
          ]
C:\Program Files\Microsoft Visual Studio\2022\Community\VC\Tools\MSVC\14.37.32822\include\xmemory(766,69): error C2938: „std::_Normal_allocator_traits<_Alloc>::rebind_alloc”: Nie powiodło się specjalizowanie szablonu aliasu
          with
          [
              _Alloc=data_type
          ]
C:\Program Files\Microsoft Visual Studio\2022\Community\VC\Tools\MSVC\14.37.32822\include\vector(444,26): error C2938: „std::_Rebind_alloc_t”: Nie powiodło się specjalizowanie szablonu aliasu
C:\Program Files\Microsoft Visual Studio\2022\Community\VC\Tools\MSVC\14.37.32822\include\vector(448,84): error C2838: „value_type”: niedozwolona kwalifikowana nazwa w deklaracji składowej
C:\Program Files\Microsoft Visual Studio\2022\Community\VC\Tools\MSVC\14.37.32822\include\vector(448,84): error C2146: błąd składniowy: brakuje „>” przed identyfikatorem „value_type”
C:\Program Files\Microsoft Visual Studio\2022\Community\VC\Tools\MSVC\14.37.32822\include\vector(448,52): error C2062: nieoczekiwany typ "unknown-type"
C:\Program Files\Microsoft Visual Studio\2022\Community\VC\Tools\MSVC\14.37.32822\include\vector(449,68): error C2238: nieoczekiwany(e) token(y) poprzedzający(e) ";"
C:\Program Files\Microsoft Visual Studio\2022\Community\VC\Tools\MSVC\14.37.32822\include\vector(455,52): error C2955: „std::allocator_traits”: użycie klasy klasa szablon wymaga listy argumentów szablon
C:\Program Files\Microsoft Visual Studio\2022\Community\VC\Tools\MSVC\14.37.32822\include\xmemory(742,1): message : zobacz deklarację „std::allocator_traits”
C:\Program Files\Microsoft Visual Studio\2022\Community\VC\Tools\MSVC\14.37.32822\include\vector(455,52): error C2039: „pointer”: nie jest składową elementu „std::allocator_traits<_Alloc>”
C:\Program Files\Microsoft Visual Studio\2022\Community\VC\Tools\MSVC\14.37.32822\include\vector(455,52): error C2061: błąd składniowy: identyfikator „pointer”
C:\Program Files\Microsoft Visual Studio\2022\Community\VC\Tools\MSVC\14.37.32822\include\vector(456,52): error C2955: „std::allocator_traits”: użycie klasy klasa szablon wymaga listy argumentów szablon
C:\Program Files\Microsoft Visual Studio\2022\Community\VC\Tools\MSVC\14.37.32822\include\xmemory(742,1): message : zobacz deklarację „std::allocator_traits”
C:\Program Files\Microsoft Visual Studio\2022\Community\VC\Tools\MSVC\14.37.32822\include\vector(456,52): error C2039: „const_pointer”: nie jest składową elementu „std::allocator_traits<_Alloc>”
C:\Program Files\Microsoft Visual Studio\2022\Community\VC\Tools\MSVC\14.37.32822\include\vector(456,52): error C2061: błąd składniowy: identyfikator „const_pointer”
C:\Program Files\Microsoft Visual Studio\2022\Community\VC\Tools\MSVC\14.37.32822\include\vector(459,52): error C2955: „std::allocator_traits”: użycie klasy klasa szablon wymaga listy argumentów szablon
C:\Program Files\Microsoft Visual Studio\2022\Community\VC\Tools\MSVC\14.37.32822\include\xmemory(742,1): message : zobacz deklarację „std::allocator_traits”
C:\Program Files\Microsoft Visual Studio\2022\Community\VC\Tools\MSVC\14.37.32822\include\vector(459,52): error C2039: „size_type”: nie jest składową elementu „std::allocator_traits<_Alloc>”
C:\Program Files\Microsoft Visual Studio\2022\Community\VC\Tools\MSVC\14.37.32822\include\vector(459,52): error C2061: błąd składniowy: identyfikator „size_type”
C:\Program Files\Microsoft Visual Studio\2022\Community\VC\Tools\MSVC\14.37.32822\include\vector(460,52): error C2955: „std::allocator_traits”: użycie klasy klasa szablon wymaga listy argumentów szablon
C:\Program Files\Microsoft Visual Studio\2022\Community\VC\Tools\MSVC\14.37.32822\include\xmemory(742,1): message : zobacz deklarację „std::allocator_traits”
C:\Program Files\Microsoft Visual Studio\2022\Community\VC\Tools\MSVC\14.37.32822\include\vector(460,52): error C2039: „difference_type”: nie jest składową elementu „std::allocator_traits<_Alloc>”
C:\Program Files\Microsoft Visual Studio\2022\Community\VC\Tools\MSVC\14.37.32822\include\vector(460,52): error C2061: błąd składniowy: identyfikator „difference_type”
C:\Program Files\Microsoft Visual Studio\2022\Community\VC\Tools\MSVC\14.37.32822\include\vector(602,30): error C2065: "size_type": niezadeklarowany identyfikator
C:\Program Files\Microsoft Visual Studio\2022\Community\VC\Tools\MSVC\14.37.32822\include\vector(602,41): error C2065: "difference_type": niezadeklarowany identyfikator
C:\Program Files\Microsoft Visual Studio\2022\Community\VC\Tools\MSVC\14.37.32822\include\vector(602,58): error C2065: "pointer": niezadeklarowany identyfikator
C:\Program Files\Microsoft Visual Studio\2022\Community\VC\Tools\MSVC\14.37.32822\include\vector(602,67): error C2065: "const_pointer": niezadeklarowany identyfikator
C:\Program Files\Microsoft Visual Studio\2022\Community\VC\Tools\MSVC\14.37.32822\include\vector(602,9): error C2923: „std::_Vec_iter_types”: „size_type” nie jest prawidłowym argumentem typu szablon dla parametru „_Size_type”
C:\Program Files\Microsoft Visual Studio\2022\Community\VC\Tools\MSVC\14.37.32822\include\vector(602,30): message : zobacz deklarację „size_type”
C:\Program Files\Microsoft Visual Studio\2022\Community\VC\Tools\MSVC\14.37.32822\include\vector(602,9): error C2923: „std::_Vec_iter_types”: „difference_type” nie jest prawidłowym argumentem typu szablon dla parametru „_Difference_type”
C:\Program Files\Microsoft Visual Studio\2022\Community\VC\Tools\MSVC\14.37.32822\include\vector(602,41): message : zobacz deklarację „difference_type”
C:\Program Files\Microsoft Visual Studio\2022\Community\VC\Tools\MSVC\14.37.32822\include\vector(602,9): error C2923: „std::_Vec_iter_types”: „pointer” nie jest prawidłowym argumentem typu szablon dla parametru „_Pointer”
C:\Program Files\Microsoft Visual Studio\2022\Community\VC\Tools\MSVC\14.37.32822\include\vector(602,58): message : zobacz deklarację „pointer”
C:\Program Files\Microsoft Visual Studio\2022\Community\VC\Tools\MSVC\14.37.32822\include\vector(602,9): error C2923: „std::_Vec_iter_types”: „const_pointer” nie jest prawidłowym argumentem typu szablon dla parametru „_Const_pointer”
C:\Program Files\Microsoft Visual Studio\2022\Community\VC\Tools\MSVC\14.37.32822\include\vector(602,67): message : zobacz deklarację „const_pointer”
C:\Program Files\Microsoft Visual Studio\2022\Community\VC\Tools\MSVC\14.37.32822\include\vector(601,36): error C2993: „unknown-type”: to nie jest prawidłowy typ dla parametru szablonu bez typu „_Test”
C:\Program Files\Microsoft Visual Studio\2022\Community\VC\Tools\MSVC\14.37.32822\include\vector(605,53): error C3203: „_Vector_val”: nie można używać klasy niespecjalizowanej klasa szablon jako argumentu szablon dla parametru szablon „_Myvec”, oczekiwano typu rzeczywistego
C:\Program Files\Microsoft Visual Studio\2022\Community\VC\Tools\MSVC\14.37.32822\include\vector(606,59): error C3203: „_Vector_val”: nie można używać klasy niespecjalizowanej klasa szablon jako argumentu szablon dla parametru szablon „_Myvec”, oczekiwano typu rzeczywistego
C:\Program Files\Microsoft Visual Studio\2022\Community\VC\Tools\MSVC\14.37.32822\include\vector(618,1): error C4430: brak specyfikatora typu - założono, że int. Uwaga: C++ nie obsługuje domyślnie typu int
C:\Program Files\Microsoft Visual Studio\2022\Community\VC\Tools\MSVC\14.37.32822\include\vector(618,69): error C2146: błąd składniowy: brakuje „)” przed identyfikatorem „_Count”
C:\Program Files\Microsoft Visual Studio\2022\Community\VC\Tools\MSVC\14.37.32822\include\vector(618,69): error C3646: "_Count": nieznany specyfikator przesłonięcia
C:\Program Files\Microsoft Visual Studio\2022\Community\VC\Tools\MSVC\14.37.32822\include\vector(618,89): error C2143: błąd składniowy: brakuje „;” przed „&”
C:\Program Files\Microsoft Visual Studio\2022\Community\VC\Tools\MSVC\14.37.32822\include\vector(618,89): error C2059: błąd składniowy: „&”
C:\Program Files\Microsoft Visual Studio\2022\Community\VC\Tools\MSVC\14.37.32822\include\vector(618,105): error C2059: błąd składniowy: „)”
C:\Program Files\Microsoft Visual Studio\2022\Community\VC\Tools\MSVC\14.37.32822\include\vector(619,9): error C2334: nieoczekiwany(e) token(y) poprzedzające ":"; pomijanie treści widocznych funkcji
C:\Users\mikol\Desktop\effective_programming_techniques\L03\Parser.h(12,14): fatal  error C1075: „{”: nie znaleziono zgodnego tokenu
  Generowanie kodu...
