c:\users\mikol\desktop\effective-programming-techniques\l03\x64\debug\vc143.pdb
c:\users\mikol\desktop\effective-programming-techniques\l03\x64\debug\vc143.idb
c:\users\mikol\desktop\effective-programming-techniques\l03\x64\debug\userinterface.obj
c:\users\mikol\desktop\effective-programming-techniques\l03\x64\debug\tree.obj
c:\users\mikol\desktop\effective-programming-techniques\l03\x64\debug\token.obj
c:\users\mikol\desktop\effective-programming-techniques\l03\x64\debug\parser.obj
c:\users\mikol\desktop\effective-programming-techniques\l03\x64\debug\node.obj
c:\users\mikol\desktop\effective-programming-techniques\l03\x64\debug\main.obj
c:\users\mikol\desktop\effective-programming-techniques\l03\x64\debug\evaluator.obj
c:\users\mikol\desktop\effective-programming-techniques\l03\x64\debug\l03.exe
c:\users\mikol\desktop\effective-programming-techniques\l03\x64\debug\l03.ilk
c:\users\mikol\desktop\effective-programming-techniques\l03\x64\debug\l03.pdb
c:\users\mikol\desktop\effective-programming-techniques\l03\x64\debug\parser.obj.enc
c:\users\mikol\desktop\effective-programming-techniques\l03\x64\debug\l03.tlog\cl.command.1.tlog
c:\users\mikol\desktop\effective-programming-techniques\l03\x64\debug\l03.tlog\cl.items.tlog
c:\users\mikol\desktop\effective-programming-techniques\l03\x64\debug\l03.tlog\cl.read.1.tlog
c:\users\mikol\desktop\effective-programming-techniques\l03\x64\debug\l03.tlog\cl.write.1.tlog
c:\users\mikol\desktop\effective-programming-techniques\l03\x64\debug\l03.tlog\link.command.1.tlog
c:\users\mikol\desktop\effective-programming-techniques\l03\x64\debug\l03.tlog\link.read.1.tlog
c:\users\mikol\desktop\effective-programming-techniques\l03\x64\debug\l03.tlog\link.write.1.tlog
